handleUnknownRoute: "/assets/articles/scully-helped-us-reach-a-99-lighthouse-score-for-a-b2c-platform/60d445d24897dc4086b2c80f_Blog-Scully.png", 404:""
handleUnknownRoute: "/assets/articles/scully-helped-us-reach-a-99-lighthouse-score-for-a-b2c-platform/60d445d24897dc4086b2c80f_Blog-Scully.png", 404:""
handleUnknownRoute: "/assets/articles/implementing-websockets-plugin-for-nativescript-using-react-native/624495a97b77ab1729aaf5ad_Implementing_20WebSockets_20plugin_20for_20NativeScript_20using_20React_20Native.png", 404:""handleUnknownRoute: "/assets/articles/diving-into-seeking-issue-with-mp3-files/61fbaed8a4291dddcee69278_Frame_20301.png", 404:""

handleUnknownRoute: "/assets/articles/implementing-websockets-plugin-for-nativescript-using-react-native/624495a97b77ab1729aaf5ad_Implementing_20WebSockets_20plugin_20for_20NativeScript_20using_20React_20Native.png", 404:""
handleUnknownRoute: "/assets/articles/implementing-websockets-plugin-for-nativescript-using-react-native/624495a97b77ab1729aaf5ad_Implementing_20WebSockets_20plugin_20for_20NativeScript_20using_20React_20Native.png", 404:""
handleUnknownRoute: "/assets/articles/implementing-websockets-plugin-for-nativescript-using-react-native/624495a97b77ab1729aaf5ad_Implementing_20WebSockets_20plugin_20for_20NativeScript_20using_20React_20Native.png", 404:""
handleUnknownRoute: "/assets/articles/implementing-websockets-plugin-for-nativescript-using-react-native/624495a97b77ab1729aaf5ad_Implementing_20WebSockets_20plugin_20for_20NativeScript_20using_20React_20Native.png", 404:""
handleUnknownRoute: "/assets/articles/implementing-websockets-plugin-for-nativescript-using-react-native/624495a97b77ab1729aaf5ad_Implementing_20WebSockets_20plugin_20for_20NativeScript_20using_20React_20Native.png", 404:""
handleUnknownRoute: "/assets/articles/implementing-websockets-plugin-for-nativescript-using-react-native/624495a97b77ab1729aaf5ad_Implementing_20WebSockets_20plugin_20for_20NativeScript_20using_20React_20Native.png", 404:""
handleUnknownRoute: "/assets/articles/implementing-websockets-plugin-for-nativescript-using-react-native/624495a97b77ab1729aaf5ad_Implementing_20WebSockets_20plugin_20for_20NativeScript_20using_20React_20Native.png", 404:""
handleUnknownRoute: "/assets/articles/implementing-websockets-plugin-for-nativescript-using-react-native/624495a97b77ab1729aaf5ad_Implementing_20WebSockets_20plugin_20for_20NativeScript_20using_20React_20Native.png", 404:""
handleUnknownRoute: "/assets/articles/implementing-websockets-plugin-for-nativescript-using-react-native/624495a97b77ab1729aaf5ad_Implementing_20WebSockets_20plugin_20for_20NativeScript_20using_20React_20Native.png", 404:""
handleUnknownRoute: "/assets/articles/implementing-websockets-plugin-for-nativescript-using-react-native/624495a97b77ab1729aaf5ad_Implementing_20WebSockets_20plugin_20for_20NativeScript_20using_20React_20Native.png", 404:""
handleUnknownRoute: "/assets/articles/implementing-websockets-plugin-for-nativescript-using-react-native/624495a97b77ab1729aaf5ad_Implementing_20WebSockets_20plugin_20for_20NativeScript_20using_20React_20Native.png", 404:""
handleUnknownRoute: "/assets/articles/implementing-websockets-plugin-for-nativescript-using-react-native/624495a97b77ab1729aaf5ad_Implementing_20WebSockets_20plugin_20for_20NativeScript_20using_20React_20Native.png", 404:""
handleUnknownRoute: "/assets/articles/implementing-websockets-plugin-for-nativescript-using-react-native/624495a97b77ab1729aaf5ad_Implementing_20WebSockets_20plugin_20for_20NativeScript_20using_20React_20Native.png", 404:""
handleUnknownRoute: "/assets/articles/implementing-websockets-plugin-for-nativescript-using-react-native/624495a97b77ab1729aaf5ad_Implementing_20WebSockets_20plugin_20for_20NativeScript_20using_20React_20Native.png", 404:""
handleUnknownRoute: "/assets/articles/implementing-websockets-plugin-for-nativescript-using-react-native/624495a97b77ab1729aaf5ad_Implementing_20WebSockets_20plugin_20for_20NativeScript_20using_20React_20Native.png", 404:""
handleUnknownRoute: "/assets/articles/implementing-websockets-plugin-for-nativescript-using-react-native/624495a97b77ab1729aaf5ad_Implementing_20WebSockets_20plugin_20for_20NativeScript_20using_20React_20Native.png", 404:""
handleUnknownRoute: "/assets/articles/implementing-websockets-plugin-for-nativescript-using-react-native/624495a97b77ab1729aaf5ad_Implementing_20WebSockets_20plugin_20for_20NativeScript_20using_20React_20Native.png", 404:""
handleUnknownRoute: "/assets/articles/implementing-websockets-plugin-for-nativescript-using-react-native/624495a97b77ab1729aaf5ad_Implementing_20WebSockets_20plugin_20for_20NativeScript_20using_20React_20Native.png", 404:""
handleUnknownRoute: "/assets/articles/implementing-websockets-plugin-for-nativescript-using-react-native/624495a97b77ab1729aaf5ad_Implementing_20WebSockets_20plugin_20for_20NativeScript_20using_20React_20Native.png", 404:""
handleUnknownRoute: "/assets/articles/implementing-websockets-plugin-for-nativescript-using-react-native/624495a97b77ab1729aaf5ad_Implementing_20WebSockets_20plugin_20for_20NativeScript_20using_20React_20Native.png", 404:""
handleUnknownRoute: "/assets/articles/implementing-websockets-plugin-for-nativescript-using-react-native/624495a97b77ab1729aaf5ad_Implementing_20WebSockets_20plugin_20for_20NativeScript_20using_20React_20Native.png", 404:""
handleUnknownRoute: "/assets/articles/implementing-websockets-plugin-for-nativescript-using-react-native/624495a97b77ab1729aaf5ad_Implementing_20WebSockets_20plugin_20for_20NativeScript_20using_20React_20Native.png", 404:""
handleUnknownRoute: "/assets/articles/implementing-websockets-plugin-for-nativescript-using-react-native/624495a97b77ab1729aaf5ad_Implementing_20WebSockets_20plugin_20for_20NativeScript_20using_20React_20Native.png", 404:""
handleUnknownRoute: "/assets/articles/implementing-websockets-plugin-for-nativescript-using-react-native/624495a97b77ab1729aaf5ad_Implementing_20WebSockets_20plugin_20for_20NativeScript_20using_20React_20Native.png", 404:""
handleUnknownRoute: "/assets/articles/implementing-websockets-plugin-for-nativescript-using-react-native/624495a97b77ab1729aaf5ad_Implementing_20WebSockets_20plugin_20for_20NativeScript_20using_20React_20Native.png", 404:""
handleUnknownRoute: "/assets/articles/implementing-websockets-plugin-for-nativescript-using-react-native/624495a97b77ab1729aaf5ad_Implementing_20WebSockets_20plugin_20for_20NativeScript_20using_20React_20Native.png", 404:""
handleUnknownRoute: "/assets/articles/implementing-websockets-plugin-for-nativescript-using-react-native/624495a97b77ab1729aaf5ad_Implementing_20WebSockets_20plugin_20for_20NativeScript_20using_20React_20Native.png", 404:""
handleUnknownRoute: "/assets/articles/implementing-websockets-plugin-for-nativescript-using-react-native/624495a97b77ab1729aaf5ad_Implementing_20WebSockets_20plugin_20for_20NativeScript_20using_20React_20Native.png", 404:""
handleUnknownRoute: "/assets/articles/implementing-websockets-plugin-for-nativescript-using-react-native/624495a97b77ab1729aaf5ad_Implementing_20WebSockets_20plugin_20for_20NativeScript_20using_20React_20Native.png", 404:""
handleUnknownRoute: "/assets/articles/implementing-websockets-plugin-for-nativescript-using-react-native/624495a97b77ab1729aaf5ad_Implementing_20WebSockets_20plugin_20for_20NativeScript_20using_20React_20Native.png", 404:""
handleUnknownRoute: "/assets/articles/implementing-websockets-plugin-for-nativescript-using-react-native/624495a97b77ab1729aaf5ad_Implementing_20WebSockets_20plugin_20for_20NativeScript_20using_20React_20Native.png", 404:""
handleUnknownRoute: "/assets/articles/implementing-websockets-plugin-for-nativescript-using-react-native/624495a97b77ab1729aaf5ad_Implementing_20WebSockets_20plugin_20for_20NativeScript_20using_20React_20Native.png", 404:""
handleUnknownRoute: "/assets/articles/implementing-websockets-plugin-for-nativescript-using-react-native/624495a97b77ab1729aaf5ad_Implementing_20WebSockets_20plugin_20for_20NativeScript_20using_20React_20Native.png", 404:""
handleUnknownRoute: "/assets/articles/implementing-websockets-plugin-for-nativescript-using-react-native/624495a97b77ab1729aaf5ad_Implementing_20WebSockets_20plugin_20for_20NativeScript_20using_20React_20Native.png", 404:""
handleUnknownRoute: "/assets/articles/implementing-websockets-plugin-for-nativescript-using-react-native/624495a97b77ab1729aaf5ad_Implementing_20WebSockets_20plugin_20for_20NativeScript_20using_20React_20Native.png", 404:""
handleUnknownRoute: "/assets/articles/implementing-websockets-plugin-for-nativescript-using-react-native/624495a97b77ab1729aaf5ad_Implementing_20WebSockets_20plugin_20for_20NativeScript_20using_20React_20Native.png", 404:""
handleUnknownRoute: "/assets/articles/implementing-websockets-plugin-for-nativescript-using-react-native/624495a97b77ab1729aaf5ad_Implementing_20WebSockets_20plugin_20for_20NativeScript_20using_20React_20Native.png", 404:""
handleUnknownRoute: "/assets/articles/implementing-websockets-plugin-for-nativescript-using-react-native/624495a97b77ab1729aaf5ad_Implementing_20WebSockets_20plugin_20for_20NativeScript_20using_20React_20Native.png", 404:""
handleUnknownRoute: "/assets/articles/implementing-websockets-plugin-for-nativescript-using-react-native/624495a97b77ab1729aaf5ad_Implementing_20WebSockets_20plugin_20for_20NativeScript_20using_20React_20Native.png", 404:""
handleUnknownRoute: "/assets/articles/implementing-websockets-plugin-for-nativescript-using-react-native/624495a97b77ab1729aaf5ad_Implementing_20WebSockets_20plugin_20for_20NativeScript_20using_20React_20Native.png", 404:""
handleUnknownRoute: "/assets/articles/implementing-websockets-plugin-for-nativescript-using-react-native/624495a97b77ab1729aaf5ad_Implementing_20WebSockets_20plugin_20for_20NativeScript_20using_20React_20Native.png", 404:""
handleUnknownRoute: "/assets/articles/implementing-websockets-plugin-for-nativescript-using-react-native/624495a97b77ab1729aaf5ad_Implementing_20WebSockets_20plugin_20for_20NativeScript_20using_20React_20Native.png", 404:""
handleUnknownRoute: "/assets/articles/implementing-websockets-plugin-for-nativescript-using-react-native/624495a97b77ab1729aaf5ad_Implementing_20WebSockets_20plugin_20for_20NativeScript_20using_20React_20Native.png", 404:""
handleUnknownRoute: "/assets/articles/implementing-websockets-plugin-for-nativescript-using-react-native/624495a97b77ab1729aaf5ad_Implementing_20WebSockets_20plugin_20for_20NativeScript_20using_20React_20Native.png", 404:""
handleUnknownRoute: "/assets/articles/implementing-websockets-plugin-for-nativescript-using-react-native/624495a97b77ab1729aaf5ad_Implementing_20WebSockets_20plugin_20for_20NativeScript_20using_20React_20Native.png", 404:""
handleUnknownRoute: "/assets/articles/implementing-websockets-plugin-for-nativescript-using-react-native/624495a97b77ab1729aaf5ad_Implementing_20WebSockets_20plugin_20for_20NativeScript_20using_20React_20Native.png", 404:""
handleUnknownRoute: "/assets/articles/implementing-websockets-plugin-for-nativescript-using-react-native/624495a97b77ab1729aaf5ad_Implementing_20WebSockets_20plugin_20for_20NativeScript_20using_20React_20Native.png", 404:""
handleUnknownRoute: "/assets/articles/implementing-websockets-plugin-for-nativescript-using-react-native/624495a97b77ab1729aaf5ad_Implementing_20WebSockets_20plugin_20for_20NativeScript_20using_20React_20Native.png", 404:""
handleUnknownRoute: "/assets/articles/implementing-websockets-plugin-for-nativescript-using-react-native/624495a97b77ab1729aaf5ad_Implementing_20WebSockets_20plugin_20for_20NativeScript_20using_20React_20Native.png", 404:""
handleUnknownRoute: "/assets/articles/implementing-websockets-plugin-for-nativescript-using-react-native/624495a97b77ab1729aaf5ad_Implementing_20WebSockets_20plugin_20for_20NativeScript_20using_20React_20Native.png", 404:""
handleUnknownRoute: "/assets/articles/implementing-websockets-plugin-for-nativescript-using-react-native/624495a97b77ab1729aaf5ad_Implementing_20WebSockets_20plugin_20for_20NativeScript_20using_20React_20Native.png", 404:""
handleUnknownRoute: "/assets/articles/implementing-websockets-plugin-for-nativescript-using-react-native/624495a97b77ab1729aaf5ad_Implementing_20WebSockets_20plugin_20for_20NativeScript_20using_20React_20Native.png", 404:""
handleUnknownRoute: "/assets/articles/benefits-of-agile-to-business-and-team/5e95749bd8501a80256ffab0_IMG_4576%20(1).JPG", 404:""
handleUnknownRoute: "/assets/articles/implementing-websockets-plugin-for-nativescript-using-react-native/624495a97b77ab1729aaf5ad_Implementing_20WebSockets_20plugin_20for_20NativeScript_20using_20React_20Native.png", 404:""
handleUnknownRoute: "/assets/articles/benefits-of-agile-to-business-and-team/5e95749bd8501a80256ffab0_IMG_4576%20(1).JPG", 404:""
handleUnknownRoute: "/assets/articles/implementing-websockets-plugin-for-nativescript-using-react-native/624495a97b77ab1729aaf5ad_Implementing_20WebSockets_20plugin_20for_20NativeScript_20using_20React_20Native.png", 404:""
handleUnknownRoute: "/assets/articles/implementing-websockets-plugin-for-nativescript-using-react-native/624495a97b77ab1729aaf5ad_Implementing_20WebSockets_20plugin_20for_20NativeScript_20using_20React_20Native.png", 404:""
handleUnknownRoute: "/assets/articles/implementing-websockets-plugin-for-nativescript-using-react-native/624495a97b77ab1729aaf5ad_Implementing_20WebSockets_20plugin_20for_20NativeScript_20using_20React_20Native.png", 404:""
handleUnknownRoute: "/assets/articles/implementing-websockets-plugin-for-nativescript-using-react-native/624495a97b77ab1729aaf5ad_Implementing_20WebSockets_20plugin_20for_20NativeScript_20using_20React_20Native.png", 404:""
handleUnknownRoute: "/assets/articles/implementing-websockets-plugin-for-nativescript-using-react-native/624495a97b77ab1729aaf5ad_Implementing_20WebSockets_20plugin_20for_20NativeScript_20using_20React_20Native.png", 404:""
handleUnknownRoute: "/assets/articles/implementing-websockets-plugin-for-nativescript-using-react-native/624495a97b77ab1729aaf5ad_Implementing_20WebSockets_20plugin_20for_20NativeScript_20using_20React_20Native.png", 404:""
handleUnknownRoute: "/assets/articles/implementing-websockets-plugin-for-nativescript-using-react-native/624495a97b77ab1729aaf5ad_Implementing_20WebSockets_20plugin_20for_20NativeScript_20using_20React_20Native.png", 404:""
handleUnknownRoute: "/assets/articles/the-4-biggest-lessons-we-learned-while-building-a-startup-product-as-an-outsource-company/5e95749bd8501a80256ffab0_IMG_4576%20(1).JPG", 404:""
handleUnknownRoute: "/assets/articles/implementing-websockets-plugin-for-nativescript-using-react-native/624495a97b77ab1729aaf5ad_Implementing_20WebSockets_20plugin_20for_20NativeScript_20using_20React_20Native.png", 404:""
handleUnknownRoute: "/assets/articles/the-4-biggest-lessons-we-learned-while-building-a-startup-product-as-an-outsource-company/5e95749bd8501a80256ffab0_IMG_4576%20(1).JPG", 404:""
handleUnknownRoute: "/assets/articles/implementing-websockets-plugin-for-nativescript-using-react-native/624495a97b77ab1729aaf5ad_Implementing_20WebSockets_20plugin_20for_20NativeScript_20using_20React_20Native.png", 404:""
handleUnknownRoute: "/assets/articles/implementing-websockets-plugin-for-nativescript-using-react-native/624495a97b77ab1729aaf5ad_Implementing_20WebSockets_20plugin_20for_20NativeScript_20using_20React_20Native.png", 404:""
handleUnknownRoute: "/assets/articles/implementing-websockets-plugin-for-nativescript-using-react-native/624495a97b77ab1729aaf5ad_Implementing_20WebSockets_20plugin_20for_20NativeScript_20using_20React_20Native.png", 404:""
handleUnknownRoute: "/assets/articles/implementing-websockets-plugin-for-nativescript-using-react-native/624495a97b77ab1729aaf5ad_Implementing_20WebSockets_20plugin_20for_20NativeScript_20using_20React_20Native.png", 404:""
handleUnknownRoute: "/assets/articles/implementing-websockets-plugin-for-nativescript-using-react-native/624495a97b77ab1729aaf5ad_Implementing_20WebSockets_20plugin_20for_20NativeScript_20using_20React_20Native.png", 404:""
handleUnknownRoute: "/assets/articles/implementing-websockets-plugin-for-nativescript-using-react-native/624495a97b77ab1729aaf5ad_Implementing_20WebSockets_20plugin_20for_20NativeScript_20using_20React_20Native.png", 404:""
handleUnknownRoute: "/assets/articles/implementing-websockets-plugin-for-nativescript-using-react-native/624495a97b77ab1729aaf5ad_Implementing_20WebSockets_20plugin_20for_20NativeScript_20using_20React_20Native.png", 404:""
handleUnknownRoute: "/assets/articles/implementing-websockets-plugin-for-nativescript-using-react-native/624495a97b77ab1729aaf5ad_Implementing_20WebSockets_20plugin_20for_20NativeScript_20using_20React_20Native.png", 404:""
handleUnknownRoute: "/assets/articles/implementing-websockets-plugin-for-nativescript-using-react-native/624495a97b77ab1729aaf5ad_Implementing_20WebSockets_20plugin_20for_20NativeScript_20using_20React_20Native.png", 404:""
handleUnknownRoute: "/assets/articles/implementing-websockets-plugin-for-nativescript-using-react-native/624495a97b77ab1729aaf5ad_Implementing_20WebSockets_20plugin_20for_20NativeScript_20using_20React_20Native.png", 404:""
handleUnknownRoute: "/assets/articles/implementing-websockets-plugin-for-nativescript-using-react-native/624495a97b77ab1729aaf5ad_Implementing_20WebSockets_20plugin_20for_20NativeScript_20using_20React_20Native.png", 404:""
handleUnknownRoute: "/assets/articles/implementing-websockets-plugin-for-nativescript-using-react-native/624495a97b77ab1729aaf5ad_Implementing_20WebSockets_20plugin_20for_20NativeScript_20using_20React_20Native.png", 404:""
handleUnknownRoute: "/assets/articles/implementing-websockets-plugin-for-nativescript-using-react-native/624495a97b77ab1729aaf5ad_Implementing_20WebSockets_20plugin_20for_20NativeScript_20using_20React_20Native.png", 404:""
handleUnknownRoute: "/assets/articles/implementing-websockets-plugin-for-nativescript-using-react-native/624495a97b77ab1729aaf5ad_Implementing_20WebSockets_20plugin_20for_20NativeScript_20using_20React_20Native.png", 404:""
handleUnknownRoute: "/assets/articles/implementing-websockets-plugin-for-nativescript-using-react-native/624495a97b77ab1729aaf5ad_Implementing_20WebSockets_20plugin_20for_20NativeScript_20using_20React_20Native.png", 404:""
handleUnknownRoute: "/assets/articles/implementing-websockets-plugin-for-nativescript-using-react-native/624495a97b77ab1729aaf5ad_Implementing_20WebSockets_20plugin_20for_20NativeScript_20using_20React_20Native.png", 404:""
handleUnknownRoute: "/assets/articles/implementing-websockets-plugin-for-nativescript-using-react-native/624495a97b77ab1729aaf5ad_Implementing_20WebSockets_20plugin_20for_20NativeScript_20using_20React_20Native.png", 404:""
handleUnknownRoute: "/assets/articles/implementing-websockets-plugin-for-nativescript-using-react-native/624495a97b77ab1729aaf5ad_Implementing_20WebSockets_20plugin_20for_20NativeScript_20using_20React_20Native.png", 404:""
handleUnknownRoute: "/assets/articles/implementing-websockets-plugin-for-nativescript-using-react-native/624495a97b77ab1729aaf5ad_Implementing_20WebSockets_20plugin_20for_20NativeScript_20using_20React_20Native.png", 404:""
handleUnknownRoute: "/assets/articles/implementing-websockets-plugin-for-nativescript-using-react-native/624495a97b77ab1729aaf5ad_Implementing_20WebSockets_20plugin_20for_20NativeScript_20using_20React_20Native.png", 404:""
handleUnknownRoute: "/assets/articles/implementing-websockets-plugin-for-nativescript-using-react-native/624495a97b77ab1729aaf5ad_Implementing_20WebSockets_20plugin_20for_20NativeScript_20using_20React_20Native.png", 404:""
handleUnknownRoute: "/assets/articles/implementing-websockets-plugin-for-nativescript-using-react-native/624495a97b77ab1729aaf5ad_Implementing_20WebSockets_20plugin_20for_20NativeScript_20using_20React_20Native.png", 404:""
handleUnknownRoute: "/assets/articles/implementing-websockets-plugin-for-nativescript-using-react-native/624495a97b77ab1729aaf5ad_Implementing_20WebSockets_20plugin_20for_20NativeScript_20using_20React_20Native.png", 404:""
handleUnknownRoute: "/assets/articles/implementing-websockets-plugin-for-nativescript-using-react-native/624495a97b77ab1729aaf5ad_Implementing_20WebSockets_20plugin_20for_20NativeScript_20using_20React_20Native.png", 404:""
handleUnknownRoute: "/assets/articles/implementing-websockets-plugin-for-nativescript-using-react-native/624495a97b77ab1729aaf5ad_Implementing_20WebSockets_20plugin_20for_20NativeScript_20using_20React_20Native.png", 404:""
handleUnknownRoute: "/assets/articles/scully-helped-us-reach-a-99-lighthouse-score-for-a-b2c-platform/60d445d24897dc4086b2c80f_Blog-Scully.png", 404:""
handleUnknownRoute: "/assets/articles/scully-helped-us-reach-a-99-lighthouse-score-for-a-b2c-platform/60d445d24897dc4086b2c80f_Blog-Scully.png", 404:""
handleUnknownRoute: "/assets/articles/implementing-websockets-plugin-for-nativescript-using-react-native/624495a97b77ab1729aaf5ad_Implementing_20WebSockets_20plugin_20for_20NativeScript_20using_20React_20Native.png", 404:""
handleUnknownRoute: "/assets/articles/implementing-websockets-plugin-for-nativescript-using-react-native/624495a97b77ab1729aaf5ad_Implementing_20WebSockets_20plugin_20for_20NativeScript_20using_20React_20Native.png", 404:""
handleUnknownRoute: "/assets/articles/implementing-websockets-plugin-for-nativescript-using-react-native/624495a97b77ab1729aaf5ad_Implementing_20WebSockets_20plugin_20for_20NativeScript_20using_20React_20Native.png", 404:""
handleUnknownRoute: "/assets/articles/implementing-websockets-plugin-for-nativescript-using-react-native/624495a97b77ab1729aaf5ad_Implementing_20WebSockets_20plugin_20for_20NativeScript_20using_20React_20Native.png", 404:""
handleUnknownRoute: "/assets/articles/implementing-websockets-plugin-for-nativescript-using-react-native/624495a97b77ab1729aaf5ad_Implementing_20WebSockets_20plugin_20for_20NativeScript_20using_20React_20Native.png", 404:""
handleUnknownRoute: "/assets/articles/implementing-websockets-plugin-for-nativescript-using-react-native/624495a97b77ab1729aaf5ad_Implementing_20WebSockets_20plugin_20for_20NativeScript_20using_20React_20Native.png", 404:""
handleUnknownRoute: "/assets/articles/benefits-of-agile-to-business-and-team/5e95749bd8501a80256ffab0_IMG_4576%20(1).JPG", 404:""
handleUnknownRoute: "/assets/articles/benefits-of-agile-to-business-and-team/5e95749bd8501a80256ffab0_IMG_4576%20(1).JPG", 404:""
handleUnknownRoute: "/assets/articles/the-4-biggest-lessons-we-learned-while-building-a-startup-product-as-an-outsource-company/5e95749bd8501a80256ffab0_IMG_4576%20(1).JPG", 404:""
handleUnknownRoute: "/assets/articles/the-4-biggest-lessons-we-learned-while-building-a-startup-product-as-an-outsource-company/5e95749bd8501a80256ffab0_IMG_4576%20(1).JPG", 404:""
handleUnknownRoute: "/assets/articles/implementing-websockets-plugin-for-nativescript-using-react-native/624495a97b77ab1729aaf5ad_Implementing_20WebSockets_20plugin_20for_20NativeScript_20using_20React_20Native.png", 404:""
handleUnknownRoute: "/assets/articles/implementing-websockets-plugin-for-nativescript-using-react-native/624495a97b77ab1729aaf5ad_Implementing_20WebSockets_20plugin_20for_20NativeScript_20using_20React_20Native.png", 404:""
handleUnknownRoute: "/assets/articles/implementing-websockets-plugin-for-nativescript-using-react-native/624495a97b77ab1729aaf5ad_Implementing_20WebSockets_20plugin_20for_20NativeScript_20using_20React_20Native.png", 404:""
handleUnknownRoute: "/assets/articles/implementing-websockets-plugin-for-nativescript-using-react-native/624495a97b77ab1729aaf5ad_Implementing_20WebSockets_20plugin_20for_20NativeScript_20using_20React_20Native.png", 404:""
handleUnknownRoute: "/assets/articles/implementing-websockets-plugin-for-nativescript-using-react-native/624495a97b77ab1729aaf5ad_Implementing_20WebSockets_20plugin_20for_20NativeScript_20using_20React_20Native.png", 404:""
handleUnknownRoute: "/assets/articles/implementing-websockets-plugin-for-nativescript-using-react-native/624495a97b77ab1729aaf5ad_Implementing_20WebSockets_20plugin_20for_20NativeScript_20using_20React_20Native.png", 404:""
handleUnknownRoute: "/assets/articles/benefits-of-agile-to-business-and-team/5e95749bd8501a80256ffab0_IMG_4576%20(1).JPG", 404:""
handleUnknownRoute: "/assets/articles/benefits-of-agile-to-business-and-team/5e95749bd8501a80256ffab0_IMG_4576%20(1).JPG", 404:""
handleUnknownRoute: "/assets/articles/the-4-biggest-lessons-we-learned-while-building-a-startup-product-as-an-outsource-company/5e95749bd8501a80256ffab0_IMG_4576%20(1).JPG", 404:""
handleUnknownRoute: "/assets/articles/the-4-biggest-lessons-we-learned-while-building-a-startup-product-as-an-outsource-company/5e95749bd8501a80256ffab0_IMG_4576%20(1).JPG", 404:""
handleUnknownRoute: "/assets/articles/benefits-of-agile-to-business-and-team/5e95749bd8501a80256ffab0_IMG_4576.JPG", 404:""
handleUnknownRoute: "/assets/articles/benefits-of-agile-to-business-and-team/5e95749bd8501a80256ffab0_IMG_4576.JPG", 404:""
handleUnknownRoute: "/assets/articles/the-4-biggest-lessons-we-learned-while-building-a-startup-product-as-an-outsource-company/5e95749bd8501a80256ffab0_IMG_4576.JPG", 404:""
handleUnknownRoute: "/assets/articles/the-4-biggest-lessons-we-learned-while-building-a-startup-product-as-an-outsource-company/5e95749bd8501a80256ffab0_IMG_4576.JPG", 404:""
